TN:
SF:/Users/tigrou/www/angular-libraries/thd-generic-logger/projects/thd-generic-logger/src/test.ts
FNF:0
FNH:0
DA:15,1
DA:20,1
DA:22,1
LF:3
LH:3
BRF:0
BRH:0
end_of_record
TN:
SF:/Users/tigrou/www/angular-libraries/thd-generic-logger/projects/thd-generic-logger/src/lib/thd-app-logger-token.ts
FNF:0
FNH:0
DA:9,1
DA:10,1
LF:2
LH:2
BRF:0
BRH:0
end_of_record
TN:
SF:/Users/tigrou/www/angular-libraries/thd-generic-logger/projects/thd-generic-logger/src/lib/adapters/thd-app-logger-adapter-base.class.ts
FN:8,sealed
FN:16,(anonymous_1)
FNF:2
FNH:1
FNDA:0,sealed
FNDA:46,(anonymous_1)
DA:9,0
DA:10,0
DA:16,1
DA:28,1
LF:4
LH:2
BRF:0
BRH:0
end_of_record
TN:
SF:/Users/tigrou/www/angular-libraries/thd-generic-logger/projects/thd-generic-logger/src/lib/config/thd-app-logger-config.class.ts
FN:18,(anonymous_6)
FN:27,(anonymous_8)
FN:34,(anonymous_10)
FNF:3
FNH:3
FNDA:1,(anonymous_6)
FNDA:1,(anonymous_8)
FNDA:1,(anonymous_10)
DA:18,1
DA:22,1
DA:27,1
DA:32,1
DA:34,1
DA:51,1
LF:6
LH:6
BRF:0
BRH:0
end_of_record
TN:
SF:/Users/tigrou/www/angular-libraries/thd-generic-logger/projects/thd-generic-logger/src/lib/logger-sample/thd-sample-logger-adapter.ts
FN:13,(anonymous_8)
FN:17,ThdAppLoggerAdapter
FN:29,(anonymous_10)
FN:33,(anonymous_11)
FN:36,(anonymous_12)
FN:45,(anonymous_13)
FN:55,(anonymous_14)
FN:64,(anonymous_15)
FN:73,(anonymous_16)
FN:81,(anonymous_17)
FN:86,(anonymous_18)
FNF:11
FNH:11
FNDA:1,(anonymous_8)
FNDA:44,ThdAppLoggerAdapter
FNDA:54,(anonymous_10)
FNDA:1,(anonymous_11)
FNDA:9,(anonymous_12)
FNDA:4,(anonymous_13)
FNDA:6,(anonymous_14)
FNDA:10,(anonymous_15)
FNDA:3,(anonymous_16)
FNDA:17,(anonymous_17)
FNDA:8,(anonymous_18)
DA:13,1
DA:18,44
DA:21,44
DA:22,44
DA:23,44
DA:29,1
DA:30,54
DA:31,54
DA:33,1
DA:34,1
DA:36,1
DA:37,9
DA:38,9
DA:45,1
DA:47,4
DA:55,1
DA:57,6
DA:64,1
DA:66,10
DA:73,1
DA:75,3
DA:81,1
DA:82,17
DA:83,6
DA:86,1
DA:87,8
DA:90,8
DA:92,8
DA:94,1
LF:29
LH:29
BRDA:21,0,0,44
BRDA:21,0,1,44
BRDA:82,1,0,6
BRDA:82,1,1,11
BRDA:82,2,0,17
BRDA:82,2,1,8
BRDA:82,2,2,8
BRDA:82,2,3,8
BRDA:90,3,0,2
BRDA:90,3,1,6
BRDA:90,4,0,8
BRDA:90,4,1,4
BRF:12
BRH:12
end_of_record
TN:
SF:/Users/tigrou/www/angular-libraries/thd-generic-logger/projects/thd-generic-logger/src/lib/logger-sample/thd-sample-logger.class.ts
FN:9,(anonymous_0)
FN:12,ThdSampleLogger
FN:21,(anonymous_2)
FN:26,(anonymous_3)
FN:29,(anonymous_4)
FN:32,(anonymous_5)
FN:35,(anonymous_6)
FN:38,(anonymous_7)
FN:41,(anonymous_8)
FN:45,(anonymous_9)
FN:54,(anonymous_10)
FN:62,(anonymous_11)
FN:70,(anonymous_12)
FN:84,(anonymous_13)
FN:105,(anonymous_14)
FNF:15
FNH:4
FNDA:1,(anonymous_0)
FNDA:44,ThdSampleLogger
FNDA:54,(anonymous_2)
FNDA:0,(anonymous_3)
FNDA:9,(anonymous_4)
FNDA:0,(anonymous_5)
FNDA:0,(anonymous_6)
FNDA:0,(anonymous_7)
FNDA:0,(anonymous_8)
FNDA:0,(anonymous_9)
FNDA:0,(anonymous_10)
FNDA:0,(anonymous_11)
FNDA:0,(anonymous_12)
FNDA:0,(anonymous_13)
FNDA:0,(anonymous_14)
DA:9,1
DA:13,44
DA:14,44
DA:15,44
DA:16,44
DA:17,44
DA:18,44
DA:21,1
DA:22,54
DA:23,54
DA:24,54
DA:26,1
DA:27,0
DA:29,1
DA:30,9
DA:32,1
DA:33,0
DA:35,1
DA:36,0
DA:38,1
DA:39,0
DA:41,1
DA:42,0
DA:45,1
DA:46,0
DA:47,0
DA:48,0
DA:49,0
DA:50,0
DA:54,1
DA:55,0
DA:56,0
DA:57,0
DA:58,0
DA:59,0
DA:62,1
DA:63,0
DA:64,0
DA:65,0
DA:66,0
DA:67,0
DA:70,1
DA:71,0
DA:72,0
DA:73,0
DA:74,0
DA:75,0
DA:84,1
DA:85,0
DA:87,0
DA:88,0
DA:91,0
DA:92,0
DA:95,0
DA:96,0
DA:99,0
DA:100,0
DA:105,1
DA:106,0
DA:107,0
DA:108,0
DA:109,0
DA:111,0
DA:112,0
DA:113,0
DA:114,0
DA:115,0
DA:120,0
DA:122,0
DA:123,0
DA:124,0
DA:125,0
DA:127,0
DA:128,0
DA:129,0
DA:131,0
DA:132,0
DA:133,0
DA:134,0
DA:135,0
DA:136,0
DA:138,0
DA:141,0
DA:142,0
DA:143,0
DA:144,0
DA:145,0
DA:146,0
DA:147,0
DA:149,0
DA:150,0
DA:151,0
DA:152,0
DA:153,0
DA:155,0
DA:158,1
LF:96
LH:25
BRDA:46,0,0,0
BRDA:46,0,1,0
BRDA:46,1,0,0
BRDA:46,1,1,0
BRDA:46,1,2,0
BRDA:48,2,0,0
BRDA:48,2,1,0
BRDA:55,3,0,0
BRDA:55,3,1,0
BRDA:55,4,0,0
BRDA:55,4,1,0
BRDA:55,4,2,0
BRDA:57,5,0,0
BRDA:57,5,1,0
BRDA:63,6,0,0
BRDA:63,6,1,0
BRDA:63,7,0,0
BRDA:63,7,1,0
BRDA:63,7,2,0
BRDA:65,8,0,0
BRDA:65,8,1,0
BRDA:71,9,0,0
BRDA:71,9,1,0
BRDA:71,10,0,0
BRDA:71,10,1,0
BRDA:71,10,2,0
BRDA:73,11,0,0
BRDA:73,11,1,0
BRDA:85,12,0,0
BRDA:85,12,1,0
BRDA:87,13,0,0
BRDA:87,13,1,0
BRDA:91,14,0,0
BRDA:91,14,1,0
BRDA:95,15,0,0
BRDA:95,15,1,0
BRDA:99,16,0,0
BRDA:99,16,1,0
BRDA:107,17,0,0
BRDA:107,17,1,0
BRDA:108,18,0,0
BRDA:108,18,1,0
BRDA:109,19,0,0
BRDA:109,19,1,0
BRDA:111,20,0,0
BRDA:111,20,1,0
BRDA:113,21,0,0
BRDA:113,21,1,0
BRDA:120,22,0,0
BRDA:120,22,1,0
BRDA:122,23,0,0
BRDA:122,23,1,0
BRDA:123,24,0,0
BRDA:123,24,1,0
BRDA:131,25,0,0
BRDA:131,25,1,0
BRDA:133,26,0,0
BRDA:133,26,1,0
BRDA:135,27,0,0
BRDA:135,27,1,0
BRDA:141,28,0,0
BRDA:141,28,1,0
BRF:62
BRH:0
end_of_record
TN:
SF:/Users/tigrou/www/angular-libraries/thd-generic-logger/projects/thd-generic-logger/src/lib/service/thd-app-logger.service.ts
FN:12,(anonymous_6)
FN:20,ThdAppLoggerService
FN:31,(anonymous_8)
FN:55,(anonymous_9)
FN:64,(anonymous_10)
FN:73,(anonymous_11)
FN:82,(anonymous_12)
FN:92,(anonymous_13)
FN:119,(anonymous_14)
FN:140,(anonymous_15)
FN:150,(anonymous_16)
FN:161,(anonymous_17)
FN:169,(anonymous_18)
FNF:13
FNH:13
FNDA:1,(anonymous_6)
FNDA:18,ThdAppLoggerService
FNDA:28,(anonymous_8)
FNDA:2,(anonymous_9)
FNDA:8,(anonymous_10)
FNDA:2,(anonymous_11)
FNDA:2,(anonymous_12)
FNDA:14,(anonymous_13)
FNDA:21,(anonymous_14)
FNDA:2,(anonymous_15)
FNDA:7,(anonymous_16)
FNDA:2,(anonymous_17)
FNDA:14,(anonymous_18)
DA:12,1
DA:13,18
DA:14,18
DA:17,18
DA:22,18
DA:23,18
DA:24,18
DA:31,56
DA:35,28
DA:37,28
DA:38,28
DA:43,0
DA:55,2
DA:56,2
DA:64,8
DA:65,8
DA:73,2
DA:74,2
DA:82,2
DA:83,2
DA:92,1
DA:93,14
DA:94,14
DA:96,9
DA:97,9
DA:99,1
DA:100,1
DA:102,6
DA:103,6
DA:105,1
DA:106,1
DA:108,1
DA:109,1
DA:111,0
DA:112,0
DA:114,9
DA:119,1
DA:120,21
DA:121,21
DA:127,21
DA:128,3
DA:129,3
DA:131,3
DA:132,1
DA:140,2
DA:142,2
DA:144,2
DA:145,6
DA:150,1
DA:151,7
DA:152,4
DA:154,3
DA:161,1
DA:162,2
DA:169,1
DA:170,14
DA:172,14
DA:173,0
DA:177,14
DA:180,14
DA:182,14
DA:184,1
LF:62
LH:58
BRDA:31,0,0,28
BRDA:31,0,1,0
BRDA:35,1,0,28
BRDA:35,1,1,0
BRDA:37,2,0,28
BRDA:37,2,1,0
BRDA:38,3,0,0
BRDA:38,3,1,28
BRDA:40,4,0,28
BRDA:40,4,1,0
BRDA:55,5,0,0
BRDA:55,5,1,2
BRDA:64,6,0,0
BRDA:64,6,1,8
BRDA:73,7,0,0
BRDA:73,7,1,2
BRDA:82,8,0,0
BRDA:82,8,1,2
BRDA:93,9,0,12
BRDA:93,9,1,2
BRDA:94,10,0,5
BRDA:94,10,1,9
BRDA:98,11,0,1
BRDA:98,11,1,6
BRDA:98,11,2,1
BRDA:98,11,3,1
BRDA:98,11,4,0
BRDA:131,12,0,1
BRDA:131,12,1,2
BRDA:140,13,0,0
BRDA:140,13,1,2
BRDA:151,14,0,4
BRDA:151,14,1,3
BRDA:162,15,0,1
BRDA:162,15,1,1
BRDA:172,16,0,0
BRDA:172,16,1,14
BRDA:177,17,0,3
BRDA:177,17,1,11
BRDA:180,18,0,2
BRDA:180,18,1,12
BRDA:180,19,0,14
BRDA:180,19,1,13
BRF:43
BRH:31
end_of_record
TN:
SF:/Users/tigrou/www/angular-libraries/thd-generic-logger/projects/thd-generic-logger/src/lib/service/thd-levels.class.ts
FN:1,(anonymous_0)
FNF:1
FNH:1
FNDA:1,(anonymous_0)
DA:1,1
DA:2,1
DA:3,1
DA:4,1
DA:5,1
DA:6,1
LF:6
LH:6
BRDA:1,0,0,1
BRDA:1,0,1,1
BRF:2
BRH:2
end_of_record
TN:
SF:/Users/tigrou/www/angular-libraries/thd-generic-logger/projects/thd-generic-logger/src/lib/utils/thd-app-logger-utils.ts
FN:1,contain
FN:2,(anonymous_1)
FN:5,getRandomColor
FNF:3
FNH:2
FNDA:29,contain
FNDA:65,(anonymous_1)
FNDA:0,getRandomColor
DA:2,65
DA:6,0
DA:7,0
DA:8,0
DA:9,0
DA:10,0
DA:11,0
DA:13,0
DA:14,0
LF:9
LH:1
BRDA:2,0,0,65
BRDA:2,0,1,45
BRDA:2,1,0,6
BRDA:2,1,1,39
BRDA:2,2,0,45
BRDA:2,2,1,6
BRDA:13,3,0,0
BRDA:13,3,1,0
BRF:8
BRH:6
end_of_record
